Microsemi Libero Software
Version: 11.9.0.4
Release: v11.9

Info: The design decoder2x4.adb was last modified by software version 11.9.0.4.
Opened an existing Libero design decoder2x4.adb.
'BA_NAME' set to 'decoder2x4_ba'
'IDE_DESIGNERVIEW_NAME' set to 'Impl1'
'IDE_DESIGNERVIEW_COUNT' set to '1'
'IDE_DESIGNERVIEW_REV0' set to 'Impl1'
'IDE_DESIGNERVIEW_REVNUM0' set to '1'
'IDE_DESIGNERVIEW_ROOTDIR' set to
'F:\Git\GDUTMeow\EDA2025-Libero-Experiment\Exp4\Project\designer'
'IDE_DESIGNERVIEW_LASTREV' set to '1'
Wrote timing report to file: decoder2x4_maxdelay_timing_report.txt

The Report command succeeded ( 00:00:02 )
Wrote timing report to file: decoder2x4_mindelay_timing_report.txt

The Report command succeeded ( 00:00:00 )
Wrote timing_violations report to file: decoder2x4_maxdelay_timingviolations_report.txt

The Report command succeeded ( 00:00:00 )
Wrote timing_violations report to file: decoder2x4_mindelay_timingviolations_report.txt

The Report command succeeded ( 00:00:00 )
Design saved to file
F:\Git\GDUTMeow\EDA2025-Libero-Experiment\Exp4\Project\designer\impl1\decoder2x4.adb.

The Execute Script command succeeded ( 00:00:02 )
Design closed.

